<?xml version="1.0" encoding="UTF-8"?>
<!-- Generated by org.testng.reporters.JUnitReportReporter -->
<testsuite hostname="Santhiya" failures="0" tests="1" name="Santhiya.Tests.InventoryTest" time="7.171" errors="0" timestamp="2025-06-04T23:18:40 IST" skipped="0">
  <testcase classname="Santhiya.Tests.InventoryTest" name="addToCart" time="7.171"/>
</testsuite> <!-- Santhiya.Tests.InventoryTest -->
