<?xml version="1.0" encoding="UTF-8"?>
<!-- Generated by org.testng.reporters.JUnitReportReporter -->
<testsuite hostname="Santhiya" failures="0" tests="2" name="Santhiya.Tests.LoginTest" time="8.567" errors="0" timestamp="2025-06-16T23:24:52 IST" skipped="0">
  <testcase classname="Santhiya.Tests.LoginTest" name="validLogin" time="4.728"/>
  <testcase classname="Santhiya.Tests.LoginTest" name="invalidLogin" time="3.839"/>
</testsuite> <!-- Santhiya.Tests.LoginTest -->
