<?xml version="1.0" encoding="UTF-8"?>
<!-- Generated by org.testng.reporters.JUnitReportReporter -->
<testsuite hostname="Santhiya" failures="0" tests="1" name="Santhiya.Tests.PlaceOrderTest" time="5.076" errors="0" timestamp="2025-06-10T21:13:31 IST" skipped="0">
  <testcase classname="Santhiya.Tests.PlaceOrderTest" name="addToCart" time="5.076"/>
</testsuite> <!-- Santhiya.Tests.PlaceOrderTest -->
