<?xml version="1.0" encoding="UTF-8"?>
<!-- Generated by org.testng.reporters.JUnitReportReporter -->
<testsuite hostname="Santhiya" failures="0" tests="2" name="Santhiya.Tests.RetryAnalyzerTest" time="0.023" errors="0" timestamp="2025-06-16T23:25:03 IST" skipped="1">
  <testcase classname="Santhiya.Tests.RetryAnalyzerTest" name="retryTestExample" time="0.021">
    <skipped/>
  </testcase> <!-- retryTestExample -->
  <testcase classname="Santhiya.Tests.RetryAnalyzerTest" name="retryTestExample" time="0.002"/>
</testsuite> <!-- Santhiya.Tests.RetryAnalyzerTest -->
