<?xml version="1.0" encoding="UTF-8"?>
<!-- Generated by org.testng.reporters.JUnitReportReporter -->
<testsuite hostname="Santhiya" failures="0" tests="3" name="Santhiya.Tests.PlaceOrderTest" time="15.898" errors="0" timestamp="2025-06-16T23:24:52 IST" skipped="0">
  <testcase classname="Santhiya.Tests.PlaceOrderTest" name="ProductDisplay" time="5.092"/>
  <testcase classname="Santhiya.Tests.PlaceOrderTest" name="ProductDisplay" time="5.688"/>
  <testcase classname="Santhiya.Tests.PlaceOrderTest" name="addToCart" time="5.118"/>
</testsuite> <!-- Santhiya.Tests.PlaceOrderTest -->
