<?xml version="1.0" encoding="UTF-8"?>
<!-- Generated by org.testng.reporters.JUnitReportReporter -->
<testsuite hostname="Santhiya" failures="0" tests="1" name="Santhiya.Tests.PlaceOrderTest" time="6.373" errors="0" timestamp="2025-06-05T14:57:28 IST" skipped="0">
  <testcase classname="Santhiya.Tests.PlaceOrderTest" name="addToCart" time="6.373"/>
</testsuite> <!-- Santhiya.Tests.PlaceOrderTest -->
